Checking whether the ASM compiler is GNU using "--version" did not match "(GNU assembler)|(GCC)|(Free Software Foundation)":
Checking whether the ASM compiler is Clang using "--version" did not match "(clang version)":
Checking whether the ASM compiler is AppleClang using "--version" did not match "(Apple LLVM version)":
Checking whether the ASM compiler is ARMClang using "--version" did not match "armclang":
Checking whether the ASM compiler is HP using "-V" did not match "HP C":
Checking whether the ASM compiler is Intel using "--version" did not match "(ICC)":
Checking whether the ASM compiler is SunPro using "-V" did not match "Sun C":
Checking whether the ASM compiler is XL using "-qversion" did not match "XL C":
Checking whether the ASM compiler is MSVC using "-?" did not match "Microsoft":
Checking whether the ASM compiler is TI using "-h" did not match "Texas Instruments":
Checking whether the ASM compiler is IAR using "" did not match "IAR Assembler":
Checking whether the ASM compiler is ARMCC using "" did not match "(ARM Compiler)|(ARM Assembler)":
Checking whether the ASM compiler is NASM using "-v" did not match "(NASM version)":
Checking whether the ASM compiler is YASM using "--version" did not match "(yasm)":
Checking whether the ASM compiler is ADSP using "-version" did not match "Analog Devices":
Checking whether the ASM compiler is QCC using "-V" did not match "gcc_nto":
Detecting C compiler ABI info failed to compile with the following output:
Change Dir: D:/repositorios/Ejercicios2021-TD3-Resueltos/Ej23-SeccionesCriticas/build/CMakeFiles/CMakeTmp

Run Build Command(s):C:/Program Files (x86)/Microsoft Visual Studio/2019/BuildTools/MSBuild/Current/Bin/MSBuild.exe cmTC_84f94.vcxproj /p:Configuration=Debug /p:Platform=x64 /p:VisualStudioVersion=16.0 /v:m && Microsoft (R) Build Engine versión 16.8.3+39993bd9d para .NET Framework
Copyright (C) Microsoft Corporation. Todos los derechos reservados.

  Compilador de optimización de C/C++ de Microsoft (R) versión 19.28.29337 para x64
  (C) Microsoft Corporation. Todos los derechos reservados.
  cl /c /W1 /WX- /diagnostics:column /O2 /D "CMAKE_INTDIR=\"Debug\"" /D _MBCS /Gm- /MD /GS /fp:precise /Zc:wchar_t /Zc:forScope /Zc:inline /Fo"cmTC_84f94.dir\Debug\\" /Fd"cmTC_84f94.dir\Debug\vc142.pdb" /Gd /TC /errorReport:queue  -mlongcalls -Wno-frame-address "C:\Program Files (x86)\Microsoft Visual Studio\2019\BuildTools\Common7\IDE\CommonExtensions\Microsoft\CMake\CMake\share\cmake-3.18\Modules\CMakeCCompilerABI.c"
cl : línea de comandos error D8021: argumento numérico no válido '/Wno-frame-address' [D:\repositorios\Ejercicios2021-TD3-Resueltos\Ej23-SeccionesCriticas\build\CMakeFiles\CMakeTmp\cmTC_84f94.vcxproj]




Determining if the C compiler works failed with the following output:
Change Dir: D:/repositorios/Ejercicios2021-TD3-Resueltos/Ej23-SeccionesCriticas/build/CMakeFiles/CMakeTmp

Run Build Command(s):C:/Program Files (x86)/Microsoft Visual Studio/2019/BuildTools/MSBuild/Current/Bin/MSBuild.exe cmTC_51e61.vcxproj /p:Configuration=Debug /p:Platform=x64 /p:VisualStudioVersion=16.0 /v:m && Microsoft (R) Build Engine versión 16.8.3+39993bd9d para .NET Framework
Copyright (C) Microsoft Corporation. Todos los derechos reservados.

  Compilador de optimización de C/C++ de Microsoft (R) versión 19.28.29337 para x64
  (C) Microsoft Corporation. Todos los derechos reservados.
  cl /c /W1 /WX- /diagnostics:column /O2 /D "CMAKE_INTDIR=\"Debug\"" /D _MBCS /Gm- /MD /GS /fp:precise /Zc:wchar_t /Zc:forScope /Zc:inline /Fo"cmTC_51e61.dir\Debug\\" /Fd"cmTC_51e61.dir\Debug\vc142.pdb" /Gd /TC /errorReport:queue  -mlongcalls -Wno-frame-address "D:\repositorios\Ejercicios2021-TD3-Resueltos\Ej23-SeccionesCriticas\build\CMakeFiles\CMakeTmp\testCCompiler.c"
cl : línea de comandos error D8021: argumento numérico no válido '/Wno-frame-address' [D:\repositorios\Ejercicios2021-TD3-Resueltos\Ej23-SeccionesCriticas\build\CMakeFiles\CMakeTmp\cmTC_51e61.vcxproj]



